<?xml version="1.0" encoding="utf-8"?><testsuites name="pytest tests"><testsuite name="pytest" errors="0" failures="0" skipped="0" tests="43" time="22.132" timestamp="2026-07-15T10:47:50.049604+00:00" hostname="agent-env-65cfbd08-893e-48e4-a61b-1c1f6036d19b"><testcase classname="tests.test_linkplay_backend" name="test_root_returns_mode_and_limit" time="0.183" /><testcase classname="tests.test_terabox_url_validation" name="test_new_mirror_hosts_pass_validation[https://terashare.co/s/1abcfake-198.51.100.11]" time="1.313" /><testcase classname="tests.test_linkplay_backend" name="test_subscribe_config_mock" time="0.071" /><testcase classname="tests.test_linkplay_backend" name="test_quota_unauthenticated_defaults" time="0.083" /><testcase classname="tests.test_linkplay_backend" name="test_non_terabox_url_returns_400_without_consuming_quota" time="0.245" /><testcase classname="tests.test_linkplay_backend" name="test_fake_terabox_url_refunds_quota" time="2.849" /><testcase classname="tests.test_terabox_url_validation" name="test_new_mirror_hosts_pass_validation[https://teraboxshare.com/s/1abcfake-198.51.100.12]" time="1.209" /><testcase classname="tests.test_terabox_url_validation" name="test_new_mirror_hosts_pass_validation[https://terafileshare.com/s/1abcfake-198.51.100.13]" time="1.375" /><testcase classname="tests.test_linkplay_backend" name="test_rate_limit_over_quota_returns_429" time="0.085" /><testcase classname="tests.test_linkplay_backend" name="test_register_defaults" time="0.305" /><testcase classname="tests.test_terabox_url_validation" name="test_new_mirror_hosts_pass_validation[https://teraboxlink.com/s/1abcfake-198.51.100.14]" time="1.319" /><testcase classname="tests.test_linkplay_backend" name="test_preferences_get_and_patch" time="0.490" /><testcase classname="tests.test_linkplay_backend" name="test_history_crud_and_dedupe" time="1.736" /><testcase classname="tests.test_terabox_url_validation" name="test_new_mirror_hosts_pass_validation[https://tibibox.com/s/1abcfake-198.51.100.15]" time="1.956" /><testcase classname="tests.test_linkplay_backend" name="test_favorites_crud_and_dup" time="0.582" /><testcase classname="tests.test_linkplay_backend" name="test_continue_watching_upsert_and_delete" time="0.889" /><testcase classname="tests.test_terabox_url_validation" name="test_new_mirror_hosts_pass_validation[https://terafileshareonline.com/s/1abcfake-198.51.100.16]" time="0.251" /><testcase classname="tests.test_terabox_url_validation" name="test_new_mirror_hosts_pass_validation[https://terabox.fun/s/1abcfake-198.51.100.17]" time="1.300" /><testcase classname="tests.test_linkplay_backend" name="test_google_session_invalid" time="0.340" /><testcase classname="tests.test_linkplay_backend" name="test_subscribe_create_order_mock" time="0.360" /><testcase classname="tests.test_linkplay_backend" name="test_subscribe_mock_upgrade_and_status_and_quota" time="0.490" /><testcase classname="tests.test_terabox_url_validation" name="test_new_mirror_hosts_pass_validation[https://gibibox.com/s/1abcfake-198.51.100.18]" time="1.452" /><testcase classname="tests.test_linkplay_backend" name="test_subscribe_verify_blocked_in_mock" time="0.375" /><testcase classname="tests.test_linkplay_backend" name="test_webhook_invalid_signature" time="0.092" /><testcase classname="tests.test_terabox_url_validation" name="test_new_mirror_hosts_pass_validation[https://goaibox.com/s/1abcfake-198.51.100.19]" time="1.206" /><testcase classname="tests.test_terabox_url_validation" name="test_new_mirror_hosts_pass_validation[https://terabox.online/s/1abcfake-198.51.100.20]" time="0.460" /><testcase classname="tests.test_terabox_url_validation" name="test_new_mirror_hosts_pass_validation[https://teraboxapp.pro/s/1abcfake-198.51.100.21]" time="0.243" /><testcase classname="tests.test_terabox_url_validation" name="test_new_mirror_hosts_pass_validation[https://terafileshare.co/s/1abcfake-198.51.100.22]" time="0.265" /><testcase classname="tests.test_terabox_url_validation" name="test_whitelisted_hosts_still_pass_validation[https://terabox.com/s/1abcfake-198.51.100.31]" time="1.342" /><testcase classname="tests.test_terabox_url_validation" name="test_whitelisted_hosts_still_pass_validation[https://terasharelink.com/s/1abcfake-198.51.100.32]" time="1.248" /><testcase classname="tests.test_terabox_url_validation" name="test_whitelisted_hosts_still_pass_validation[https://4funbox.com/s/1abcfake-198.51.100.33]" time="1.961" /><testcase classname="tests.test_terabox_url_validation" name="test_whitelisted_hosts_still_pass_validation[https://1024terabox.com/s/1abcfake-198.51.100.34]" time="1.246" /><testcase classname="tests.test_terabox_url_validation" name="test_whitelisted_hosts_still_pass_validation[https://freeterabox.com/s/1abcfake-198.51.100.35]" time="1.206" /><testcase classname="tests.test_terabox_url_validation" name="test_non_terabox_urls_rejected[https://example.com/s/1abc-198.51.100.41]" time="0.080" /><testcase classname="tests.test_terabox_url_validation" name="test_non_terabox_urls_rejected[https://youtube.com/watch?v=x-198.51.100.42]" time="0.078" /><testcase classname="tests.test_terabox_url_validation" name="test_non_terabox_urls_rejected[https://google.com-198.51.100.43]" time="0.081" /><testcase classname="tests.test_terabox_url_validation" name="test_non_terabox_urls_rejected[https://github.com/foo/bar-198.51.100.44]" time="0.072" /><testcase classname="tests.test_terabox_url_validation" name="test_non_terabox_urls_rejected[https://drive.google.com/file/d/xyz-198.51.100.45]" time="0.081" /><testcase classname="tests.test_terabox_url_validation" name="test_non_terabox_urls_rejected[https://foo.com/tera/file-198.51.100.46]" time="0.091" /><testcase classname="tests.test_terabox_url_validation" name="test_non_terabox_urls_rejected[https://foo1024.com/s/1-198.51.100.47]" time="0.083" /><testcase classname="tests.test_terabox_url_validation" name="test_lenient_fallback_accepts_tera_in_host[https://terapin.com/s/1abcfake-198.51.100.51]" time="0.440" /><testcase classname="tests.test_terabox_url_validation" name="test_lenient_fallback_accepts_tera_in_host[https://iterate.com/foo-198.51.100.52]" time="0.559" /><testcase classname="tests.test_terabox_url_validation" name="test_empty_url_rejected" time="0.090" /></testsuite></testsuites>