<?xml version="1.0" encoding="utf-8"?><testsuites name="pytest tests"><testsuite name="pytest" errors="0" failures="0" skipped="0" tests="16" time="10.168" timestamp="2026-07-15T10:01:18.024419+00:00" hostname="agent-env-65cfbd08-893e-48e4-a61b-1c1f6036d19b"><testcase classname="tests.test_linkplay_backend" name="test_root_returns_mode_and_limit" time="0.153" /><testcase classname="tests.test_linkplay_backend" name="test_subscribe_config_mock" time="0.119" /><testcase classname="tests.test_linkplay_backend" name="test_quota_unauthenticated_defaults" time="0.084" /><testcase classname="tests.test_linkplay_backend" name="test_non_terabox_url_returns_400_without_consuming_quota" time="0.351" /><testcase classname="tests.test_linkplay_backend" name="test_fake_terabox_url_refunds_quota" time="2.948" /><testcase classname="tests.test_linkplay_backend" name="test_rate_limit_over_quota_returns_429" time="0.091" /><testcase classname="tests.test_linkplay_backend" name="test_register_defaults" time="0.340" /><testcase classname="tests.test_linkplay_backend" name="test_preferences_get_and_patch" time="0.483" /><testcase classname="tests.test_linkplay_backend" name="test_history_crud_and_dedupe" time="1.654" /><testcase classname="tests.test_linkplay_backend" name="test_favorites_crud_and_dup" time="0.586" /><testcase classname="tests.test_linkplay_backend" name="test_continue_watching_upsert_and_delete" time="0.736" /><testcase classname="tests.test_linkplay_backend" name="test_google_session_invalid" time="0.282" /><testcase classname="tests.test_linkplay_backend" name="test_subscribe_create_order_mock" time="0.376" /><testcase classname="tests.test_linkplay_backend" name="test_subscribe_mock_upgrade_and_status_and_quota" time="0.484" /><testcase classname="tests.test_linkplay_backend" name="test_subscribe_verify_blocked_in_mock" time="0.339" /><testcase classname="tests.test_linkplay_backend" name="test_webhook_invalid_signature" time="0.087" /></testsuite></testsuites>